<?xml version="1.0" encoding="UTF-8"?>
<testsuite name="com.accend.app.ProgressionTest" tests="6" skipped="0" failures="0" errors="0" timestamp="2026-09-05T18:32:27.032Z" hostname="codespaces-adb5cc" time="0.037">
  <properties/>
  <testcase name="curriculumCoversFourPillarsEveryDay" classname="com.accend.app.ProgressionTest" time="0.024"/>
  <testcase name="tierMappingMovesFromBeginnerToAdvanced" classname="com.accend.app.ProgressionTest" time="0.0"/>
  <testcase name="weeklyTaskXpIncreasesByTwo" classname="com.accend.app.ProgressionTest" time="0.0"/>
  <testcase name="xpCrossingHundredAdvancesLevel" classname="com.accend.app.ProgressionTest" time="0.001"/>
  <testcase name="everySeventhDayAddsBuildAndCapstoneTasks" classname="com.accend.app.ProgressionTest" time="0.007"/>
  <testcase name="zeroXpStartsAwakenedAtLevelOne" classname="com.accend.app.ProgressionTest" time="0.0"/>
  <system-out><![CDATA[]]></system-out>
  <system-err><![CDATA[]]></system-err>
</testsuite>
